execve("./part1", ["./part1"], 0x7ffe1b697920 /* 47 vars */) = 0
brk(NULL)                               = 0x23e5000
arch_prctl(0x3001 /* ARCH_??? */, 0x7ffd86fba400) = -1 EINVAL (Invalid argument)
mmap(NULL, 8192, PROT_READ|PROT_WRITE, MAP_PRIVATE|MAP_ANONYMOUS, -1, 0) = 0x7f99c5f28000
access("/etc/ld.so.preload", R_OK)      = -1 ENOENT (No such file or directory)
openat(AT_FDCWD, "/usr/local/lib/glibc-hwcaps/x86-64-v3/libc.so.6", O_RDONLY|O_CLOEXEC) = -1 ENOENT (No such file or directory)
newfstatat(AT_FDCWD, "/usr/local/lib/glibc-hwcaps/x86-64-v3/", 0x7ffd86fb9610, 0) = -1 ENOENT (No such file or directory)
openat(AT_FDCWD, "/usr/local/lib/glibc-hwcaps/x86-64-v2/libc.so.6", O_RDONLY|O_CLOEXEC) = -1 ENOENT (No such file or directory)
newfstatat(AT_FDCWD, "/usr/local/lib/glibc-hwcaps/x86-64-v2/", 0x7ffd86fb9610, 0) = -1 ENOENT (No such file or directory)
openat(AT_FDCWD, "/usr/local/lib/libc.so.6", O_RDONLY|O_CLOEXEC) = -1 ENOENT (No such file or directory)
newfstatat(AT_FDCWD, "/usr/local/lib/", {st_mode=S_IFDIR|0755, st_size=4096, ...}, 0) = 0
openat(AT_FDCWD, "/usr/lib/glibc-hwcaps/x86-64-v3/libc.so.6", O_RDONLY|O_CLOEXEC) = -1 ENOENT (No such file or directory)
newfstatat(AT_FDCWD, "/usr/lib/glibc-hwcaps/x86-64-v3/", 0x7ffd86fb9610, 0) = -1 ENOENT (No such file or directory)
openat(AT_FDCWD, "/usr/lib/glibc-hwcaps/x86-64-v2/libc.so.6", O_RDONLY|O_CLOEXEC) = -1 ENOENT (No such file or directory)
newfstatat(AT_FDCWD, "/usr/lib/glibc-hwcaps/x86-64-v2/", 0x7ffd86fb9610, 0) = -1 ENOENT (No such file or directory)
openat(AT_FDCWD, "/usr/lib/libc.so.6", O_RDONLY|O_CLOEXEC) = -1 ENOENT (No such file or directory)
newfstatat(AT_FDCWD, "/usr/lib/", {st_mode=S_IFDIR|0555, st_size=4096, ...}, 0) = 0
openat(AT_FDCWD, "/opt/sfw/lib/glibc-hwcaps/x86-64-v3/libc.so.6", O_RDONLY|O_CLOEXEC) = -1 ENOENT (No such file or directory)
newfstatat(AT_FDCWD, "/opt/sfw/lib/glibc-hwcaps/x86-64-v3/", 0x7ffd86fb9610, 0) = -1 ENOENT (No such file or directory)
openat(AT_FDCWD, "/opt/sfw/lib/glibc-hwcaps/x86-64-v2/libc.so.6", O_RDONLY|O_CLOEXEC) = -1 ENOENT (No such file or directory)
newfstatat(AT_FDCWD, "/opt/sfw/lib/glibc-hwcaps/x86-64-v2/", 0x7ffd86fb9610, 0) = -1 ENOENT (No such file or directory)
openat(AT_FDCWD, "/opt/sfw/lib/libc.so.6", O_RDONLY|O_CLOEXEC) = -1 ENOENT (No such file or directory)
newfstatat(AT_FDCWD, "/opt/sfw/lib/", 0x7ffd86fb9610, 0) = -1 ENOENT (No such file or directory)
openat(AT_FDCWD, "/usr/sfw/lib/glibc-hwcaps/x86-64-v3/libc.so.6", O_RDONLY|O_CLOEXEC) = -1 ENOENT (No such file or directory)
newfstatat(AT_FDCWD, "/usr/sfw/lib/glibc-hwcaps/x86-64-v3/", 0x7ffd86fb9610, 0) = -1 ENOENT (No such file or directory)
openat(AT_FDCWD, "/usr/sfw/lib/glibc-hwcaps/x86-64-v2/libc.so.6", O_RDONLY|O_CLOEXEC) = -1 ENOENT (No such file or directory)
newfstatat(AT_FDCWD, "/usr/sfw/lib/glibc-hwcaps/x86-64-v2/", 0x7ffd86fb9610, 0) = -1 ENOENT (No such file or directory)
openat(AT_FDCWD, "/usr/sfw/lib/libc.so.6", O_RDONLY|O_CLOEXEC) = -1 ENOENT (No such file or directory)
newfstatat(AT_FDCWD, "/usr/sfw/lib/", 0x7ffd86fb9610, 0) = -1 ENOENT (No such file or directory)
openat(AT_FDCWD, "/usr/ccs/lib/glibc-hwcaps/x86-64-v3/libc.so.6", O_RDONLY|O_CLOEXEC) = -1 ENOENT (No such file or directory)
newfstatat(AT_FDCWD, "/usr/ccs/lib/glibc-hwcaps/x86-64-v3/", 0x7ffd86fb9610, 0) = -1 ENOENT (No such file or directory)
openat(AT_FDCWD, "/usr/ccs/lib/glibc-hwcaps/x86-64-v2/libc.so.6", O_RDONLY|O_CLOEXEC) = -1 ENOENT (No such file or directory)
newfstatat(AT_FDCWD, "/usr/ccs/lib/glibc-hwcaps/x86-64-v2/", 0x7ffd86fb9610, 0) = -1 ENOENT (No such file or directory)
openat(AT_FDCWD, "/usr/ccs/lib/libc.so.6", O_RDONLY|O_CLOEXEC) = -1 ENOENT (No such file or directory)
newfstatat(AT_FDCWD, "/usr/ccs/lib/", 0x7ffd86fb9610, 0) = -1 ENOENT (No such file or directory)
openat(AT_FDCWD, "/etc/ld.so.cache", O_RDONLY|O_CLOEXEC) = 3
newfstatat(3, "", {st_mode=S_IFREG|0644, st_size=59379, ...}, AT_EMPTY_PATH) = 0
mmap(NULL, 59379, PROT_READ, MAP_PRIVATE, 3, 0) = 0x7f99c5f19000
close(3)                                = 0
openat(AT_FDCWD, "/lib64/libc.so.6", O_RDONLY|O_CLOEXEC) = 3
read(3, "\177ELF\2\1\1\3\0\0\0\0\0\0\0\0\3\0>\0\1\0\0\0 \203\2\0\0\0\0\0"..., 832) = 832
pread64(3, "\6\0\0\0\4\0\0\0@\0\0\0\0\0\0\0@\0\0\0\0\0\0\0@\0\0\0\0\0\0\0"..., 784, 64) = 784
newfstatat(3, "", {st_mode=S_IFREG|0755, st_size=2420152, ...}, AT_EMPTY_PATH) = 0
pread64(3, "\6\0\0\0\4\0\0\0@\0\0\0\0\0\0\0@\0\0\0\0\0\0\0@\0\0\0\0\0\0\0"..., 784, 64) = 784
mmap(NULL, 1973104, PROT_READ, MAP_PRIVATE|MAP_DENYWRITE, 3, 0) = 0x7f99c5d37000
mmap(0x7f99c5d5d000, 1441792, PROT_READ|PROT_EXEC, MAP_PRIVATE|MAP_FIXED|MAP_DENYWRITE, 3, 0x26000) = 0x7f99c5d5d000
mmap(0x7f99c5ebd000, 319488, PROT_READ, MAP_PRIVATE|MAP_FIXED|MAP_DENYWRITE, 3, 0x186000) = 0x7f99c5ebd000
mmap(0x7f99c5f0b000, 24576, PROT_READ|PROT_WRITE, MAP_PRIVATE|MAP_FIXED|MAP_DENYWRITE, 3, 0x1d3000) = 0x7f99c5f0b000
mmap(0x7f99c5f11000, 31600, PROT_READ|PROT_WRITE, MAP_PRIVATE|MAP_FIXED|MAP_ANONYMOUS, -1, 0) = 0x7f99c5f11000
close(3)                                = 0
mmap(NULL, 12288, PROT_READ|PROT_WRITE, MAP_PRIVATE|MAP_ANONYMOUS, -1, 0) = 0x7f99c5d34000
arch_prctl(ARCH_SET_FS, 0x7f99c5d34740) = 0
set_tid_address(0x7f99c5d34a10)         = 209145
set_robust_list(0x7f99c5d34a20, 24)     = 0
rseq(0x7f99c5d35060, 0x20, 0, 0x53053053) = 0
mprotect(0x7f99c5f0b000, 16384, PROT_READ) = 0
mprotect(0x403000, 4096, PROT_READ)     = 0
mprotect(0x7f99c5f5c000, 8192, PROT_READ) = 0
prlimit64(0, RLIMIT_STACK, NULL, {rlim_cur=8192*1024, rlim_max=RLIM64_INFINITY}) = 0
munmap(0x7f99c5f19000, 59379)           = 0
clone(child_stack=NULL, flags=CLONE_CHILD_CLEARTID|CLONE_CHILD_SETTID|SIGCHLD, child_tidptr=0x7f99c5d34a10) = 209146
clock_nanosleep(CLOCK_REALTIME, 0, {tv_sec=3, tv_nsec=0}, 0x7ffd86fba400) = 0
getpid()                                = 209145
getgid()                                = 301
openat(AT_FDCWD, "/etc/hostid", O_WRONLY|O_CREAT|O_TRUNC, 0644) = -1 EACCES (Permission denied)
--- SIGCHLD {si_signo=SIGCHLD, si_code=CLD_EXITED, si_pid=209146, si_uid=54093, si_status=0, si_utime=0, si_stime=0} ---
exit_group(0)                           = ?
+++ exited with 0 +++
